<?xml version="1.0" encoding="UTF-8"?>
<testng-results ignored="0" total="1" passed="1" failed="0" skipped="0">
  <reporter-output>
  </reporter-output>
  <suite started-at="2021-11-26T20:40:17Z" name="Default suite" finished-at="2021-11-26T20:40:20Z" duration-ms="2939">
    <groups>
    </groups>
    <test started-at="2021-11-26T20:40:17Z" name="Default test" finished-at="2021-11-26T20:40:20Z" duration-ms="2939">
      <class name="com.org.SampleAPI.Sample_POST_API">
        <test-method signature="test_1_Post()[pri:0, instance:com.org.SampleAPI.Sample_POST_API@1757cd72]" started-at="2021-11-26T20:40:17Z" name="test_1_Post" finished-at="2021-11-26T20:40:20Z" duration-ms="2920" status="PASS">
          <reporter-output>
          </reporter-output>
        </test-method> <!-- test_1_Post -->
      </class> <!-- com.org.SampleAPI.Sample_POST_API -->
    </test> <!-- Default test -->
  </suite> <!-- Default suite -->
</testng-results>
